e:\uni_stuff\work\csd1400\week 5\project\x64\debug\main.obj
e:\uni_stuff\work\csd1400\week 5\project\x64\debug\game.obj
e:\uni_stuff\work\csd1400\week 5\project\x64\debug\vc142.pdb
h:\my drive\uni\csd1400\week 5\project\x64\debug\main.obj
h:\my drive\uni\csd1400\week 5\project\x64\debug\vc142.pdb
e:\uni_stuff\work\csd1400\week 5\project\x64\debug\vc142.idb
e:\uni_stuff\work\csd1400\project\x64\debug\camerademo.obj
e:\uni_stuff\work\csd1400\project\x64\debug\game.obj
e:\uni_stuff\work\csd1400\project\x64\debug\vc142.pdb
e:\uni_stuff\work\csd1400\project\x64\debug\main.obj
e:\uni_stuff\work\csd1400\project\x64\debug\vc142.idb
h:\my drive\uni\csd1400\week 5\project\x64\debug\processing_sample.exe
h:\my drive\uni\csd1400\week 5\project\x64\debug\processing_sample.pdb
e:\uni_stuff\work\csd1400\week 5\project\x64\debug\processing_sample.exe
e:\uni_stuff\work\csd1400\week 5\project\x64\debug\processing_sample.ilk
e:\uni_stuff\work\csd1400\week 5\project\x64\debug\processing_sample.pdb
e:\uni_stuff\work\csd1400\project\x64\debug\processing_sample.exe
e:\uni_stuff\work\csd1400\project\x64\debug\processing_sample.ilk
e:\uni_stuff\work\csd1400\project\x64\debug\processing_sample.pdb
e:\uni_stuff\work\csd1400\project\x64\debug\processi.14b654ed.tlog\cl.command.1.tlog
e:\uni_stuff\work\csd1400\project\x64\debug\processi.14b654ed.tlog\cl.read.1.tlog
e:\uni_stuff\work\csd1400\project\x64\debug\processi.14b654ed.tlog\cl.write.1.tlog
e:\uni_stuff\work\csd1400\project\x64\debug\processi.14b654ed.tlog\link.command.1.tlog
e:\uni_stuff\work\csd1400\project\x64\debug\processi.14b654ed.tlog\link.read.1.tlog
e:\uni_stuff\work\csd1400\project\x64\debug\processi.14b654ed.tlog\link.write.1.tlog
